#
# A fatal error has been detected by the Java Runtime Environment:
#
#  EXCEPTION_ACCESS_VIOLATION (0xc0000005) at pc=0x00007ffa92183d1c, pid=19236, tid=15864
#
# JRE version: Java(TM) SE Runtime Environment (21.0.2+13) (build 21.0.2+13-LTS-58)
# Java VM: Java HotSpot(TM) 64-Bit Server VM (21.0.2+13-LTS-58, mixed mode, sharing, tiered, compressed oops, compressed class ptrs, g1 gc, windows-amd64)
# Problematic frame:
# V  [jvm.dll+0x5b3d1c]
#
# No core dump will be written. Minidumps are not enabled by default on client versions of Windows
#
# If you would like to submit a bug report, please visit:
#   https://bugreport.java.com/bugreport/crash.jsp
#

---------------  S U M M A R Y ------------

Command Line: -javaagent:C:\Program Files\JetBrains\IntelliJ IDEA Community Edition 2023.3.6\lib\idea_rt.jar=55514:C:\Program Files\JetBrains\IntelliJ IDEA Community Edition 2023.3.6\bin -Dfile.encoding=UTF-8 -Dsun.stdout.encoding=UTF-8 -Dsun.stderr.encoding=UTF-8 com.project.springbootrest.SpringBootRestApplication

Host: Intel(R) Core(TM) i5-9400 CPU @ 2.90GHz, 3 cores, 9G,  Windows 10 , 64 bit Build 19041 (10.0.19041.3636)
Time: Wed Apr 24 18:37:13 2024 India Standard Time elapsed time: 5.941723 seconds (0d 0h 0m 5s)

---------------  T H R E A D  ---------------

Current thread (0x000002abc0dce5c0):  JavaThread "C2 CompilerThread0" daemon [_thread_in_native, id=15864, stack(0x000000f545100000,0x000000f545200000) (1024K)]


Current CompileTask:
C2:   5941 4653       4       jdk.internal.org.objectweb.asm.MethodWriter::computeAllFrames (510 bytes)

Stack: [0x000000f545100000,0x000000f545200000],  sp=0x000000f5451fc6c0,  free space=1009k
Native frames: (J=compiled Java code, j=interpreted, Vv=VM code, C=native code)
V  [jvm.dll+0x5b3d1c]
V  [jvm.dll+0x382960]
V  [jvm.dll+0x381cca]
V  [jvm.dll+0x249bd0]
V  [jvm.dll+0x2491b1]
V  [jvm.dll+0x1c9634]
V  [jvm.dll+0x258859]
V  [jvm.dll+0x256e3a]
V  [jvm.dll+0x3ef6c6]
V  [jvm.dll+0x7ff568]
V  [jvm.dll+0x6c953d]
C  [ucrtbase.dll+0x21bb2]
C  [KERNEL32.DLL+0x17344]
C  [ntdll.dll+0x526b1]


siginfo: EXCEPTION_ACCESS_VIOLATION (0xc0000005), reading address 0x0000000000000020


Registers:
RAX=0x0000000000000000, RBX=0x000002ac08ee7ac0, RCX=0x000002abc0e41510, RDX=0x0000000000000008
RSP=0x000000f5451fc6c0, RBP=0x000000f5451fc7c0, RSI=0x0000000000000007, RDI=0x000002abc0e41510
R8 =0x000000f5451fc840, R9 =0x000002ac09bbbfc0, R10=0x000002ac078fd708, R11=0x00007ffabeff1b6d
R12=0x000002ac06075a30, R13=0x000000f5451fccd0, R14=0x000000f5451fc840, R15=0x0000000000000000
RIP=0x00007ffa92183d1c, EFLAGS=0x0000000000010297


Register to memory mapping:

RAX=0x0 is null
RBX=0x000002ac08ee7ac0 points into unknown readable memory: 0x00007ffa92566fb0 | b0 6f 56 92 fa 7f 00 00
RCX=0x000002abc0e41510 points into unknown readable memory: 0x0000000000000000 | 00 00 00 00 00 00 00 00
RDX=0x0000000000000008 is an unknown value
RSP=0x000000f5451fc6c0 is pointing into the stack for thread: 0x000002abc0dce5c0
RBP=0x000000f5451fc7c0 is pointing into the stack for thread: 0x000002abc0dce5c0
RSI=0x0000000000000007 is an unknown value
RDI=0x000002abc0e41510 points into unknown readable memory: 0x0000000000000000 | 00 00 00 00 00 00 00 00
R8 =0x000000f5451fc840 is pointing into the stack for thread: 0x000002abc0dce5c0
R9 =0x000002ac09bbbfc0 points into unknown readable memory: 0x000000007fff7fff | ff 7f ff 7f 00 00 00 00
R10=0x000002ac078fd708 points into unknown readable memory: 0x000002ac078fd620 | 20 d6 8f 07 ac 02 00 00
R11=0x00007ffabeff1b6d VCRUNTIME140.dll
R12=0x000002ac06075a30 points into unknown readable memory: 0x000000f500000002 | 02 00 00 00 f5 00 00 00
R13=0x000000f5451fccd0 is pointing into the stack for thread: 0x000002abc0dce5c0
R14=0x000000f5451fc840 is pointing into the stack for thread: 0x000002abc0dce5c0
R15=0x0 is null

Top of Stack: (sp=0x000000f5451fc6c0)
0x000000f5451fc6c0:   000000f5451fccd0 000002ac08ee7540
0x000000f5451fc6d0:   000002ab00000007 000002ac08ee7540
0x000000f5451fc6e0:   000000f5451fc840 000002abc0e5d548
0x000000f5451fc6f0:   000000f5451fc8a8 0000000000000000
0x000000f5451fc700:   0000000700000005 000002abc0db8820
0x000000f5451fc710:   0000000000000004 000002ac07cb7e70
0x000000f5451fc720:   0000000000000000 000002abc0dcf0e0
0x000000f5451fc730:   000002abc0db8820 00007ffa00000004
0x000000f5451fc740:   000002ac07cb7e50 0000000000000000
0x000000f5451fc750:   000002abc0dcf090 000002abc0db8820
0x000000f5451fc760:   000002ac06a22c08 00007ffa00000000
0x000000f5451fc770:   000002ac09bbbfc0 000002abc0db8820
0x000000f5451fc780:   000002ac0a27cb10 00000000001ede70
0x000000f5451fc790:   000002ac0a28cb20 000002ac0a28cb20
0x000000f5451fc7a0:   000002ac00000040 000002ac07ccb490
0x000000f5451fc7b0:   0000000000008298 000000f5451fccd0
0x000000f5451fc7c0:   0000000000008298 000002ac06075a20
0x000000f5451fc7d0:   000002ac06075a30 000000f5451fccd0
0x000000f5451fc7e0:   00000000000003d8 000002ac09bbbfc0
0x000000f5451fc7f0:   000002ac06075e08 00000000000003a7
0x000000f5451fc800:   000000f5451fc910 00007ffa91f52960
0x000000f5451fc810:   000000f5451fccd0 0000000000002000
0x000000f5451fc820:   000000f5451fc840 000000f5451fc8a8
0x000000f5451fc830:   000002ac09bbbfc0 000002ab02000002
0x000000f5451fc840:   000020a5000020a5 000002ac08481030
0x000000f5451fc850:   0000000000000000 0000000000000107
0x000000f5451fc860:   000002ac06075a20 000002ac08cdf4d0
0x000000f5451fc870:   000002ac08ce67a0 000002ac08ce74b8
0x000000f5451fc880:   0000000000691a40 000002ac0955b0a0
0x000000f5451fc890:   000002ac09563390 000002ac0955b0b0
0x000000f5451fc8a0:   000002abc0db8820 00007ffa00000200
0x000000f5451fc8b0:   000002ac08762a30 0000000000000200 

Instructions: (pc=0x00007ffa92183d1c)
0x00007ffa92183c1c:   ff cc 66 90 f0 3a 5b 00 0c 3c 5b 00 e3 3a 5b 00
0x00007ffa92183c2c:   e3 3a 5b 00 e3 3a 5b 00 e3 3a 5b 00 f0 3a 5b 00
0x00007ffa92183c3c:   cc cc cc cc 48 8b c4 4c 89 48 20 4c 89 40 18 48
0x00007ffa92183c4c:   89 48 08 55 53 41 55 41 56 48 8d 68 b8 48 81 ec
0x00007ffa92183c5c:   28 01 00 00 48 8b da 4d 8b f0 8b 52 28 4c 8b e9
0x00007ffa92183c6c:   83 fa 01 0f 84 4e 0b 00 00 4c 8b 4d 70 48 89 70
0x00007ffa92183c7c:   d8 48 89 78 d0 4c 89 60 c8 4c 89 78 c0 4d 85 c9
0x00007ffa92183c8c:   74 09 83 fa 0a 76 04 b1 01 eb 02 32 c9 45 33 ff
0x00007ffa92183c9c:   88 4d 58 44 38 3d d2 9d 60 00 8b c2 74 53 84 c9
0x00007ffa92183cac:   74 4f 41 b8 01 00 00 00 41 3b d0 76 44 0f 1f 80
0x00007ffa92183cbc:   00 00 00 00 44 3b 43 18 73 0d 48 8b 43 20 41 8b
0x00007ffa92183ccc:   c8 48 8b 14 c8 eb 03 49 8b d7 8b 42 2c 81 62 30
0x00007ffa92183cdc:   ff ef ff ff 83 e0 0f 3c 0c 74 0b 8b 42 28 49 c7
0x00007ffa92183cec:   04 c1 ff 7f ff 7f 8b 43 28 41 ff c0 44 3b c0 72
0x00007ffa92183cfc:   c3 8d 70 ff 89 74 24 44 3b 73 18 73 0a 48 8b 43
0x00007ffa92183d0c:   20 48 8b 3c f0 eb 03 49 8b ff 48 8b 07 48 8b cf
0x00007ffa92183d1c:   ff 50 20 48 3b c7 74 07 2b 73 48 89 74 24 44 41
0x00007ffa92183d2c:   bc 01 00 00 00 41 8b f4 44 89 64 24 40 44 39 64
0x00007ffa92183d3c:   24 44 0f 86 e3 01 00 00 b9 08 00 00 00 48 89 4c
0x00007ffa92183d4c:   24 68 66 90 44 8b 63 18 41 3b f4 73 0a 48 8b 43
0x00007ffa92183d5c:   20 48 8b 3c 01 eb 03 49 8b ff 8b 47 2c 83 e0 0f
0x00007ffa92183d6c:   83 f8 0c 0f 84 14 01 00 00 83 f8 08 75 15 48 8b
0x00007ffa92183d7c:   cb e8 fe dd b8 ff 48 8b 4f 08 48 39 01 0f 84 fa
0x00007ffa92183d8c:   00 00 00 8b 47 1c 45 8b cf 85 c0 74 30 4c 8b 47
0x00007ffa92183d9c:   08 44 8b d0 49 8b 10 48 85 d2 74 17 8b 4a 28 49
0x00007ffa92183dac:   8b 45 78 48 39 1c c8 75 0a 48 83 7a 10 00 74 03
0x00007ffa92183dbc:   41 ff c1 49 83 c0 08 49 83 ea 01 75 d7 4c 8b 7d
0x00007ffa92183dcc:   60 48 63 4f 28 49 8b 47 08 44 89 0c 88 8b 47 2c
0x00007ffa92183ddc:   24 03 3c 02 0f 85 9c 00 00 00 83 7f 18 05 0f 86
0x00007ffa92183dec:   92 00 00 00 48 8b 07 48 8b cf ff 90 40 01 00 00
0x00007ffa92183dfc:   3d d5 00 00 00 74 13 48 8b 07 48 8b cf ff 90 40
0x00007ffa92183e0c:   01 00 00 3d dd 00 00 00 75 6c 4c 8b 4f 08 4d 8b 


Stack slot to memory mapping:

stack at sp + 0 slots: 0x000000f5451fccd0 is pointing into the stack for thread: 0x000002abc0dce5c0
stack at sp + 1 slots: 0x000002ac08ee7540 points into unknown readable memory: 0x00007ffa92566fb0 | b0 6f 56 92 fa 7f 00 00
stack at sp + 2 slots: 0x000002ab00000007 is an unknown value
stack at sp + 3 slots: 0x000002ac08ee7540 points into unknown readable memory: 0x00007ffa92566fb0 | b0 6f 56 92 fa 7f 00 00
stack at sp + 4 slots: 0x000000f5451fc840 is pointing into the stack for thread: 0x000002abc0dce5c0
stack at sp + 5 slots: 0x000002abc0e5d548 points into unknown readable memory: 0x00007ffa92521820 | 20 18 52 92 fa 7f 00 00
stack at sp + 6 slots: 0x000000f5451fc8a8 is pointing into the stack for thread: 0x000002abc0dce5c0
stack at sp + 7 slots: 0x0 is null


---------------  P R O C E S S  ---------------

Threads class SMR info:
_java_thread_list=0x000002ac09cb7a40, length=20, elements={
0x000002aba44f3a80, 0x000002abc0dc5d10, 0x000002abc0dc6de0, 0x000002abc0dc9350,
0x000002abc0dcc1c0, 0x000002abc0dccdd0, 0x000002abc0dcd830, 0x000002abc0dce5c0,
0x000002abc0e389d0, 0x000002abc0d8fdc0, 0x000002ac062ce520, 0x000002ac063fb5a0,
0x000002ac0716dab0, 0x000002ac070e7100, 0x000002ac070e7770, 0x000002ac06be7310,
0x000002ac074ad1b0, 0x000002ac074aded0, 0x000002ac074ad840, 0x000002ac074aebf0
}

Java Threads: ( => current thread )
  0x000002aba44f3a80 JavaThread "main"                              [_thread_in_native, id=10580, stack(0x000000f544300000,0x000000f544400000) (1024K)]
  0x000002abc0dc5d10 JavaThread "Reference Handler"          daemon [_thread_blocked, id=12536, stack(0x000000f544b00000,0x000000f544c00000) (1024K)]
  0x000002abc0dc6de0 JavaThread "Finalizer"                  daemon [_thread_blocked, id=8120, stack(0x000000f544c00000,0x000000f544d00000) (1024K)]
  0x000002abc0dc9350 JavaThread "Signal Dispatcher"          daemon [_thread_blocked, id=17244, stack(0x000000f544d00000,0x000000f544e00000) (1024K)]
  0x000002abc0dcc1c0 JavaThread "Attach Listener"            daemon [_thread_blocked, id=19252, stack(0x000000f544e00000,0x000000f544f00000) (1024K)]
  0x000002abc0dccdd0 JavaThread "Service Thread"             daemon [_thread_blocked, id=15712, stack(0x000000f544f00000,0x000000f545000000) (1024K)]
  0x000002abc0dcd830 JavaThread "Monitor Deflation Thread"   daemon [_thread_blocked, id=8112, stack(0x000000f545000000,0x000000f545100000) (1024K)]
=>0x000002abc0dce5c0 JavaThread "C2 CompilerThread0"         daemon [_thread_in_native, id=15864, stack(0x000000f545100000,0x000000f545200000) (1024K)]
  0x000002abc0e389d0 JavaThread "C1 CompilerThread0"         daemon [_thread_blocked, id=15620, stack(0x000000f545200000,0x000000f545300000) (1024K)]
  0x000002abc0d8fdc0 JavaThread "Common-Cleaner"             daemon [_thread_blocked, id=16852, stack(0x000000f545300000,0x000000f545400000) (1024K)]
  0x000002ac062ce520 JavaThread "Monitor Ctrl-Break"         daemon [_thread_in_native, id=17640, stack(0x000000f545400000,0x000000f545500000) (1024K)]
  0x000002ac063fb5a0 JavaThread "Notification Thread"        daemon [_thread_blocked, id=15380, stack(0x000000f545500000,0x000000f545600000) (1024K)]
  0x000002ac0716dab0 JavaThread "Catalina-utility-1"                [_thread_blocked, id=18656, stack(0x000000f545800000,0x000000f545900000) (1024K)]
  0x000002ac070e7100 JavaThread "Catalina-utility-2"                [_thread_blocked, id=16872, stack(0x000000f545900000,0x000000f545a00000) (1024K)]
  0x000002ac070e7770 JavaThread "container-0"                       [_thread_blocked, id=3536, stack(0x000000f545a00000,0x000000f545b00000) (1024K)]
  0x000002ac06be7310 JavaThread "oracle.jdbc.driver.BlockSource.ThreadedCachingBlockSource.BlockReleaser" daemon [_thread_blocked, id=15520, stack(0x000000f545b00000,0x000000f545c00000) (1024K)]
  0x000002ac074ad1b0 JavaThread "InterruptTimer"             daemon [_thread_blocked, id=18628, stack(0x000000f545c00000,0x000000f545d00000) (1024K)]
  0x000002ac074aded0 JavaThread "OJDBC-WORKER-THREAD-1"      daemon [_thread_blocked, id=10740, stack(0x000000f545d00000,0x000000f545e00000) (1024K)]
  0x000002ac074ad840 JavaThread "HikariPool-1 housekeeper"   daemon [_thread_blocked, id=4280, stack(0x000000f545e00000,0x000000f545f00000) (1024K)]
  0x000002ac074aebf0 JavaThread "HikariPool-1 connection adder" daemon [_thread_blocked, id=16616, stack(0x000000f545f00000,0x000000f546000000) (1024K)]
Total: 20

Other Threads:
  0x000002abc0da5ef0 VMThread "VM Thread"                           [id=7240, stack(0x000000f544a00000,0x000000f544b00000) (1024K)]
  0x000002abc0d8e520 WatcherThread "VM Periodic Task Thread"        [id=16560, stack(0x000000f544900000,0x000000f544a00000) (1024K)]
  0x000002aba4540000 WorkerThread "GC Thread#0"                     [id=14584, stack(0x000000f544400000,0x000000f544500000) (1024K)]
  0x000002ac064e8490 WorkerThread "GC Thread#1"                     [id=16756, stack(0x000000f545600000,0x000000f545700000) (1024K)]
  0x000002ac064e06f0 WorkerThread "GC Thread#2"                     [id=14924, stack(0x000000f545700000,0x000000f545800000) (1024K)]
  0x000002aba454b7f0 ConcurrentGCThread "G1 Main Marker"            [id=19268, stack(0x000000f544500000,0x000000f544600000) (1024K)]
  0x000002aba454c4a0 WorkerThread "G1 Conc#0"                       [id=14264, stack(0x000000f544600000,0x000000f544700000) (1024K)]
  0x000002aba45af9a0 ConcurrentGCThread "G1 Refine#0"               [id=8244, stack(0x000000f544700000,0x000000f544800000) (1024K)]
  0x000002aba45b06c0 ConcurrentGCThread "G1 Service"                [id=11756, stack(0x000000f544800000,0x000000f544900000) (1024K)]
Total: 9

Threads with active compile tasks:
C2 CompilerThread0     6345 4653       4       jdk.internal.org.objectweb.asm.MethodWriter::computeAllFrames (510 bytes)
Total: 1

VM state: not at safepoint (normal execution)

VM Mutex/Monitor currently owned by a thread: None

Heap address: 0x0000000760000000, size: 2560 MB, Compressed Oops mode: Zero based, Oop shift amount: 3

CDS archive(s) mapped at: [0x000002abc1000000-0x000002abc1c90000-0x000002abc1c90000), size 13172736, SharedBaseAddress: 0x000002abc1000000, ArchiveRelocationMode: 1.
Compressed class space mapped at: 0x000002abc2000000-0x000002ac02000000, reserved size: 1073741824
Narrow klass base: 0x000002abc1000000, Narrow klass shift: 0, Narrow klass range: 0x100000000

GC Precious Log:
 CardTable entry size: 512
 Card Set container configuration: InlinePtr #cards 4 size 8 Array Of Cards #cards 16 size 48 Howl #buckets 8 coarsen threshold 3686 Howl Bitmap #cards 512 size 80 coarsen threshold 460 Card regions per heap region 1 cards per card region 4096
 CPUs: 3 total, 3 available
 Memory: 10239M
 Large Page Support: Disabled
 NUMA Support: Disabled
 Compressed Oops: Enabled (Zero based)
 Heap Region Size: 2M
 Heap Min Capacity: 8M
 Heap Initial Capacity: 160M
 Heap Max Capacity: 2560M
 Pre-touch: Disabled
 Parallel Workers: 3
 Concurrent Workers: 1
 Concurrent Refinement Workers: 3
 Periodic GC: Disabled

Heap:
 garbage-first heap   total 59392K, used 23363K [0x0000000760000000, 0x0000000800000000)
  region size 2048K, 3 young (6144K), 2 survivors (4096K)
 Metaspace       used 59979K, committed 60608K, reserved 1114112K
  class space    used 7999K, committed 8256K, reserved 1048576K

Heap Regions: E=young(eden), S=young(survivor), O=old, HS=humongous(starts), HC=humongous(continues), CS=collection set, F=free, TAMS=top-at-mark-start, PB=parsable bottom
|   0|0x0000000760000000, 0x0000000760200000, 0x0000000760200000|100%| O|  |TAMS 0x0000000760000000| PB 0x0000000760000000| Untracked 
|   1|0x0000000760200000, 0x0000000760400000, 0x0000000760400000|100%| O|  |TAMS 0x0000000760200000| PB 0x0000000760200000| Untracked 
|   2|0x0000000760400000, 0x0000000760600000, 0x0000000760600000|100%| O|  |TAMS 0x0000000760400000| PB 0x0000000760400000| Untracked 
|   3|0x0000000760600000, 0x0000000760800000, 0x0000000760800000|100%| O|  |TAMS 0x0000000760600000| PB 0x0000000760600000| Untracked 
|   4|0x0000000760800000, 0x0000000760a00000, 0x0000000760a00000|100%| O|  |TAMS 0x0000000760800000| PB 0x0000000760800000| Untracked 
|   5|0x0000000760a00000, 0x0000000760c00000, 0x0000000760c00000|100%| O|  |TAMS 0x0000000760a00000| PB 0x0000000760a00000| Untracked 
|   6|0x0000000760c00000, 0x0000000760db7e00, 0x0000000760e00000| 85%| O|  |TAMS 0x0000000760c00000| PB 0x0000000760c00000| Untracked 
|   7|0x0000000760e00000, 0x0000000761000000, 0x0000000761000000|100%| O|  |TAMS 0x0000000760e00000| PB 0x0000000760e00000| Untracked 
|   8|0x0000000761000000, 0x0000000761200000, 0x0000000761200000|100%| O|  |TAMS 0x0000000761000000| PB 0x0000000761000000| Untracked 
|   9|0x0000000761200000, 0x0000000761200000, 0x0000000761400000|  0%| F|  |TAMS 0x0000000761200000| PB 0x0000000761200000| Untracked 
|  10|0x0000000761400000, 0x0000000761600000, 0x0000000761600000|100%| O|Cm|TAMS 0x0000000761400000| PB 0x0000000761400000| Complete 
|  11|0x0000000761600000, 0x0000000761600000, 0x0000000761800000|  0%| F|  |TAMS 0x0000000761600000| PB 0x0000000761600000| Untracked 
|  12|0x0000000761800000, 0x0000000761800000, 0x0000000761a00000|  0%| F|  |TAMS 0x0000000761800000| PB 0x0000000761800000| Untracked 
|  13|0x0000000761a00000, 0x0000000761a00000, 0x0000000761c00000|  0%| F|  |TAMS 0x0000000761a00000| PB 0x0000000761a00000| Untracked 
|  14|0x0000000761c00000, 0x0000000761c00000, 0x0000000761e00000|  0%| F|  |TAMS 0x0000000761c00000| PB 0x0000000761c00000| Untracked 
|  15|0x0000000761e00000, 0x0000000761e00000, 0x0000000762000000|  0%| F|  |TAMS 0x0000000761e00000| PB 0x0000000761e00000| Untracked 
|  16|0x0000000762000000, 0x0000000762000000, 0x0000000762200000|  0%| F|  |TAMS 0x0000000762000000| PB 0x0000000762000000| Untracked 
|  17|0x0000000762200000, 0x00000007623191d0, 0x0000000762400000| 54%| S|CS|TAMS 0x0000000762200000| PB 0x0000000762200000| Complete 
|  18|0x0000000762400000, 0x0000000762600000, 0x0000000762600000|100%| S|CS|TAMS 0x0000000762400000| PB 0x0000000762400000| Complete 
|  19|0x0000000762600000, 0x0000000762600000, 0x0000000762800000|  0%| F|  |TAMS 0x0000000762600000| PB 0x0000000762600000| Untracked 
|  20|0x0000000762800000, 0x0000000762800000, 0x0000000762a00000|  0%| F|  |TAMS 0x0000000762800000| PB 0x0000000762800000| Untracked 
|  21|0x0000000762a00000, 0x0000000762a00000, 0x0000000762c00000|  0%| F|  |TAMS 0x0000000762a00000| PB 0x0000000762a00000| Untracked 
|  22|0x0000000762c00000, 0x0000000762c00000, 0x0000000762e00000|  0%| F|  |TAMS 0x0000000762c00000| PB 0x0000000762c00000| Untracked 
|  23|0x0000000762e00000, 0x0000000762e00000, 0x0000000763000000|  0%| F|  |TAMS 0x0000000762e00000| PB 0x0000000762e00000| Untracked 
|  24|0x0000000763000000, 0x0000000763000000, 0x0000000763200000|  0%| F|  |TAMS 0x0000000763000000| PB 0x0000000763000000| Untracked 
|  49|0x0000000766200000, 0x0000000766200000, 0x0000000766400000|  0%| F|  |TAMS 0x0000000766200000| PB 0x0000000766200000| Untracked 
|  50|0x0000000766400000, 0x0000000766400000, 0x0000000766600000|  0%| F|  |TAMS 0x0000000766400000| PB 0x0000000766400000| Untracked 
|  51|0x0000000766600000, 0x0000000766600000, 0x0000000766800000|  0%| F|  |TAMS 0x0000000766600000| PB 0x0000000766600000| Untracked 
|  52|0x0000000766800000, 0x00000007669ad940, 0x0000000766a00000| 83%| E|  |TAMS 0x0000000766800000| PB 0x0000000766800000| Complete 

Card table byte_map: [0x000002abbbe60000,0x000002abbc360000] _byte_map_base: 0x000002abb8360000

Marking Bits: (CMBitMap*) 0x000002aba4540f10
 Bits: [0x000002abbc360000, 0x000002abbeb60000)

Polling page: 0x000002aba3cc0000

Metaspace:

Usage:
  Non-class:     50.76 MB used.
      Class:      7.81 MB used.
       Both:     58.57 MB used.

Virtual space:
  Non-class space:       64.00 MB reserved,      51.12 MB ( 80%) committed,  1 nodes.
      Class space:        1.00 GB reserved,       8.06 MB ( <1%) committed,  1 nodes.
             Both:        1.06 GB reserved,      59.19 MB (  5%) committed. 

Chunk freelists:
   Non-Class:  12.59 MB
       Class:  7.89 MB
        Both:  20.48 MB

MaxMetaspaceSize: unlimited
CompressedClassSpaceSize: 1.00 GB
Initial GC threshold: 21.00 MB
Current GC threshold: 98.56 MB
CDS: on
 - commit_granule_bytes: 65536.
 - commit_granule_words: 8192.
 - virtual_space_node_default_size: 8388608.
 - enlarge_chunks_in_place: 1.
 - use_allocation_guard: 0.


Internal statistics:

num_allocs_failed_limit: 12.
num_arena_births: 856.
num_arena_deaths: 0.
num_vsnodes_births: 2.
num_vsnodes_deaths: 0.
num_space_committed: 947.
num_space_uncommitted: 0.
num_chunks_returned_to_freelist: 12.
num_chunks_taken_from_freelist: 2991.
num_chunk_merges: 12.
num_chunk_splits: 2132.
num_chunks_enlarged: 1621.
num_inconsistent_stats: 0.

CodeHeap 'non-profiled nmethods': size=120064Kb used=1852Kb max_used=1929Kb free=118211Kb
 bounds [0x000002abb4420000, 0x000002abb4690000, 0x000002abbb960000]
CodeHeap 'profiled nmethods': size=120000Kb used=7962Kb max_used=8579Kb free=112037Kb
 bounds [0x000002abac960000, 0x000002abad1d0000, 0x000002abb3e90000]
CodeHeap 'non-nmethods': size=5696Kb used=1699Kb max_used=1719Kb free=3996Kb
 bounds [0x000002abb3e90000, 0x000002abb4100000, 0x000002abb4420000]
 total_blobs=5059 nmethods=4327 adapters=636
 compilation: enabled
              stopped_count=0, restarted_count=0
 full_count=0

Compilation events (20 events):
Event: 5.820 Thread 0x000002abc0e389d0 4798       3       net.bytebuddy.description.type.TypeList$Explicit::get (14 bytes)
Event: 5.820 Thread 0x000002abc0e389d0 nmethod 4798 0x000002abad1b0a10 code [0x000002abad1b0bc0, 0x000002abad1b0ea8]
Event: 5.820 Thread 0x000002abc0e389d0 4799       3       net.bytebuddy.description.type.TypeList$Generic$Explicit::get (6 bytes)
Event: 5.820 Thread 0x000002abc0e389d0 nmethod 4799 0x000002abad1b0f90 code [0x000002abad1b1160, 0x000002abad1b1580]
Event: 5.820 Thread 0x000002abc0e389d0 4800       3       net.bytebuddy.description.type.TypeList$Generic$Explicit::get (19 bytes)
Event: 5.820 Thread 0x000002abc0e389d0 nmethod 4800 0x000002abad1b1690 code [0x000002abad1b1860, 0x000002abad1b1c10]
Event: 5.820 Thread 0x000002abc0e389d0 4802       3       net.bytebuddy.description.type.TypeDescription$Generic$AnnotationReader$Delegator$ForLoadedExecutableParameterType::<init> (15 bytes)
Event: 5.820 Thread 0x000002abc0e389d0 nmethod 4802 0x000002abad1b1d10 code [0x000002abad1b1ec0, 0x000002abad1b20f0]
Event: 5.820 Thread 0x000002abc0e389d0 4803       3       net.bytebuddy.description.type.TypeDescription$Generic$OfNonGenericType::isArray (10 bytes)
Event: 5.820 Thread 0x000002abc0e389d0 nmethod 4803 0x000002abad1b2210 code [0x000002abad1b23e0, 0x000002abad1b2670]
Event: 5.821 Thread 0x000002abc0e389d0 4801       1       net.bytebuddy.dynamic.scaffold.MethodGraph$Compiler$Default$Key$Store$Entry$Resolved$Node::getRepresentative (5 bytes)
Event: 5.821 Thread 0x000002abc0e389d0 nmethod 4801 0x000002abb45fe490 code [0x000002abb45fe620, 0x000002abb45fe6f0]
Event: 5.823 Thread 0x000002abc0e389d0 4804       1       net.bytebuddy.dynamic.scaffold.TypeWriter$MethodPool$Record$ForDefinedMethod$WithBody::getMethod (5 bytes)
Event: 5.823 Thread 0x000002abc0e389d0 nmethod 4804 0x000002abb45fe790 code [0x000002abb45fe920, 0x000002abb45fe9f0]
Event: 5.825 Thread 0x000002abc0e389d0 4805       3       net.bytebuddy.description.method.ParameterDescription$ForLoadedParameter::<init> (20 bytes)
Event: 5.825 Thread 0x000002abc0e389d0 nmethod 4805 0x000002abad1b2790 code [0x000002abad1b2960, 0x000002abad1b2cb0]
Event: 5.829 Thread 0x000002abc0e389d0 4806       3       java.lang.Integer::toString (55 bytes)
Event: 5.830 Thread 0x000002abc0e389d0 nmethod 4806 0x000002abad1b2e10 code [0x000002abad1b2fe0, 0x000002abad1b3370]
Event: 5.851 Thread 0x000002abc0e389d0 4807       3       java.util.stream.ReferencePipeline$7$1::begin (13 bytes)
Event: 5.851 Thread 0x000002abc0e389d0 nmethod 4807 0x000002abad1b3510 code [0x000002abad1b36c0, 0x000002abad1b38a8]

GC Heap History (20 events):
Event: 0.372 GC heap before
{Heap before GC invocations=0 (full 0):
 garbage-first heap   total 163840K, used 6144K [0x0000000760000000, 0x0000000800000000)
  region size 2048K, 4 young (8192K), 0 survivors (0K)
 Metaspace       used 1050K, committed 1152K, reserved 1114112K
  class space    used 82K, committed 128K, reserved 1048576K
}
Event: 0.376 GC heap after
{Heap after GC invocations=1 (full 0):
 garbage-first heap   total 163840K, used 5610K [0x0000000760000000, 0x0000000800000000)
  region size 2048K, 1 young (2048K), 1 survivors (2048K)
 Metaspace       used 1050K, committed 1152K, reserved 1114112K
  class space    used 82K, committed 128K, reserved 1048576K
}
Event: 0.633 GC heap before
{Heap before GC invocations=1 (full 0):
 garbage-first heap   total 163840K, used 11754K [0x0000000760000000, 0x0000000800000000)
  region size 2048K, 4 young (8192K), 1 survivors (2048K)
 Metaspace       used 3776K, committed 3968K, reserved 1114112K
  class space    used 392K, committed 512K, reserved 1048576K
}
Event: 0.636 GC heap after
{Heap after GC invocations=2 (full 0):
 garbage-first heap   total 163840K, used 6105K [0x0000000760000000, 0x0000000800000000)
  region size 2048K, 1 young (2048K), 1 survivors (2048K)
 Metaspace       used 3776K, committed 3968K, reserved 1114112K
  class space    used 392K, committed 512K, reserved 1048576K
}
Event: 0.876 GC heap before
{Heap before GC invocations=2 (full 0):
 garbage-first heap   total 163840K, used 12249K [0x0000000760000000, 0x0000000800000000)
  region size 2048K, 5 young (10240K), 1 survivors (2048K)
 Metaspace       used 6403K, committed 6656K, reserved 1114112K
  class space    used 736K, committed 832K, reserved 1048576K
}
Event: 0.879 GC heap after
{Heap after GC invocations=3 (full 0):
 garbage-first heap   total 163840K, used 6875K [0x0000000760000000, 0x0000000800000000)
  region size 2048K, 1 young (2048K), 1 survivors (2048K)
 Metaspace       used 6403K, committed 6656K, reserved 1114112K
  class space    used 736K, committed 832K, reserved 1048576K
}
Event: 1.289 GC heap before
{Heap before GC invocations=3 (full 0):
 garbage-first heap   total 163840K, used 27355K [0x0000000760000000, 0x0000000800000000)
  region size 2048K, 11 young (22528K), 1 survivors (2048K)
 Metaspace       used 11672K, committed 11904K, reserved 1114112K
  class space    used 1363K, committed 1472K, reserved 1048576K
}
Event: 1.295 GC heap after
{Heap after GC invocations=4 (full 0):
 garbage-first heap   total 163840K, used 9159K [0x0000000760000000, 0x0000000800000000)
  region size 2048K, 2 young (4096K), 2 survivors (4096K)
 Metaspace       used 11672K, committed 11904K, reserved 1114112K
  class space    used 1363K, committed 1472K, reserved 1048576K
}
Event: 2.335 GC heap before
{Heap before GC invocations=4 (full 0):
 garbage-first heap   total 163840K, used 56263K [0x0000000760000000, 0x0000000800000000)
  region size 2048K, 27 young (55296K), 2 survivors (4096K)
 Metaspace       used 21192K, committed 21504K, reserved 1114112K
  class space    used 2522K, committed 2688K, reserved 1048576K
}
Event: 2.348 GC heap after
{Heap after GC invocations=5 (full 0):
 garbage-first heap   total 163840K, used 13255K [0x0000000760000000, 0x0000000800000000)
  region size 2048K, 4 young (8192K), 4 survivors (8192K)
 Metaspace       used 21192K, committed 21504K, reserved 1114112K
  class space    used 2522K, committed 2688K, reserved 1048576K
}
Event: 2.938 GC heap before
{Heap before GC invocations=6 (full 0):
 garbage-first heap   total 49152K, used 33735K [0x0000000760000000, 0x0000000800000000)
  region size 2048K, 14 young (28672K), 4 survivors (8192K)
 Metaspace       used 25100K, committed 25536K, reserved 1114112K
  class space    used 3098K, committed 3328K, reserved 1048576K
}
Event: 2.956 GC heap after
{Heap after GC invocations=7 (full 0):
 garbage-first heap   total 49152K, used 15440K [0x0000000760000000, 0x0000000800000000)
  region size 2048K, 2 young (4096K), 2 survivors (4096K)
 Metaspace       used 25100K, committed 25536K, reserved 1114112K
  class space    used 3098K, committed 3328K, reserved 1048576K
}
Event: 3.515 GC heap before
{Heap before GC invocations=7 (full 0):
 garbage-first heap   total 49152K, used 35920K [0x0000000760000000, 0x0000000800000000)
  region size 2048K, 12 young (24576K), 2 survivors (4096K)
 Metaspace       used 30471K, committed 31040K, reserved 1114112K
  class space    used 3774K, committed 4032K, reserved 1048576K
}
Event: 3.522 GC heap after
{Heap after GC invocations=8 (full 0):
 garbage-first heap   total 59392K, used 17837K [0x0000000760000000, 0x0000000800000000)
  region size 2048K, 2 young (4096K), 2 survivors (4096K)
 Metaspace       used 30471K, committed 31040K, reserved 1114112K
  class space    used 3774K, committed 4032K, reserved 1048576K
}
Event: 3.992 GC heap before
{Heap before GC invocations=8 (full 0):
 garbage-first heap   total 59392K, used 36269K [0x0000000760000000, 0x0000000800000000)
  region size 2048K, 13 young (26624K), 2 survivors (4096K)
 Metaspace       used 35531K, committed 35968K, reserved 1114112K
  class space    used 4472K, committed 4672K, reserved 1048576K
}
Event: 3.998 GC heap after
{Heap after GC invocations=9 (full 0):
 garbage-first heap   total 59392K, used 18854K [0x0000000760000000, 0x0000000800000000)
  region size 2048K, 1 young (2048K), 1 survivors (2048K)
 Metaspace       used 35531K, committed 35968K, reserved 1114112K
  class space    used 4472K, committed 4672K, reserved 1048576K
}
Event: 4.936 GC heap before
{Heap before GC invocations=10 (full 0):
 garbage-first heap   total 59392K, used 45478K [0x0000000760000000, 0x0000000800000000)
  region size 2048K, 15 young (30720K), 1 survivors (2048K)
 Metaspace       used 45746K, committed 46336K, reserved 1114112K
  class space    used 5805K, committed 6080K, reserved 1048576K
}
Event: 4.941 GC heap after
{Heap after GC invocations=11 (full 0):
 garbage-first heap   total 59392K, used 20633K [0x0000000760000000, 0x0000000800000000)
  region size 2048K, 2 young (4096K), 2 survivors (4096K)
 Metaspace       used 45746K, committed 46336K, reserved 1114112K
  class space    used 5805K, committed 6080K, reserved 1048576K
}
Event: 5.588 GC heap before
{Heap before GC invocations=11 (full 0):
 garbage-first heap   total 59392K, used 47257K [0x0000000760000000, 0x0000000800000000)
  region size 2048K, 16 young (32768K), 2 survivors (4096K)
 Metaspace       used 54575K, committed 55168K, reserved 1114112K
  class space    used 7054K, committed 7296K, reserved 1048576K
}
Event: 5.598 GC heap after
{Heap after GC invocations=12 (full 0):
 garbage-first heap   total 59392K, used 22179K [0x0000000760000000, 0x0000000800000000)
  region size 2048K, 2 young (4096K), 2 survivors (4096K)
 Metaspace       used 54575K, committed 55168K, reserved 1114112K
  class space    used 7054K, committed 7296K, reserved 1048576K
}

Dll operation events (14 events):
Event: 0.016 Loaded shared library C:\Program Files\Java\jdk-21\bin\java.dll
Event: 0.065 Loaded shared library C:\Program Files\Java\jdk-21\bin\jsvml.dll
Event: 0.175 Loaded shared library C:\Program Files\Java\jdk-21\bin\zip.dll
Event: 0.178 Loaded shared library C:\Program Files\Java\jdk-21\bin\instrument.dll
Event: 0.186 Loaded shared library C:\Program Files\Java\jdk-21\bin\net.dll
Event: 0.188 Loaded shared library C:\Program Files\Java\jdk-21\bin\nio.dll
Event: 0.191 Loaded shared library C:\Program Files\Java\jdk-21\bin\zip.dll
Event: 0.348 Loaded shared library C:\Program Files\JetBrains\IntelliJ IDEA Community Edition 2023.3.6\bin\breakgen64.dll
Event: 0.358 Loaded shared library C:\Program Files\Java\jdk-21\bin\extnet.dll
Event: 0.399 Loaded shared library C:\Program Files\Java\jdk-21\bin\jimage.dll
Event: 1.681 Loaded shared library C:\Program Files\Java\jdk-21\bin\sunmscapi.dll
Event: 3.273 Loaded shared library C:\Program Files\Java\jdk-21\bin\management.dll
Event: 3.275 Loaded shared library C:\Program Files\Java\jdk-21\bin\management_ext.dll
Event: 4.045 Loaded shared library C:\Program Files\Java\jdk-21\bin\verify.dll

Deoptimization events (20 events):
Event: 4.342 Thread 0x000002aba44f3a80 DEOPT PACKING pc=0x000002abb442faec sp=0x000000f5443fb2e0
Event: 4.342 Thread 0x000002aba44f3a80 DEOPT UNPACKING pc=0x000002abb3ee46a2 sp=0x000000f5443fb0d8 mode 2
Event: 4.761 Thread 0x000002aba44f3a80 Uncommon trap: trap_request=0xffffff45 fr.pc=0x000002abb4550744 relative=0x00000000000000a4
Event: 4.761 Thread 0x000002aba44f3a80 Uncommon trap: reason=unstable_if action=reinterpret pc=0x000002abb4550744 method=java.lang.ref.ReferenceQueue.poll()Ljava/lang/ref/Reference; @ 4 c2
Event: 4.761 Thread 0x000002aba44f3a80 DEOPT PACKING pc=0x000002abb4550744 sp=0x000000f5443fc3c0
Event: 4.761 Thread 0x000002aba44f3a80 DEOPT UNPACKING pc=0x000002abb3ee46a2 sp=0x000000f5443fc2a8 mode 2
Event: 4.800 Thread 0x000002ac074aebf0 DEOPT PACKING pc=0x000002abac967a72 sp=0x000000f545ffe2c0
Event: 4.800 Thread 0x000002ac074aebf0 DEOPT UNPACKING pc=0x000002abb3ee4e42 sp=0x000000f545ffd770 mode 0
Event: 5.020 Thread 0x000002aba44f3a80 Uncommon trap: trap_request=0xffffffde fr.pc=0x000002abb457a488 relative=0x0000000000001048
Event: 5.020 Thread 0x000002aba44f3a80 Uncommon trap: reason=class_check action=maybe_recompile pc=0x000002abb457a488 method=java.util.concurrent.ConcurrentHashMap.putVal(Ljava/lang/Object;Ljava/lang/Object;Z)Ljava/lang/Object; @ 159 c2
Event: 5.020 Thread 0x000002aba44f3a80 DEOPT PACKING pc=0x000002abb457a488 sp=0x000000f5443fe4c0
Event: 5.020 Thread 0x000002aba44f3a80 DEOPT UNPACKING pc=0x000002abb3ee46a2 sp=0x000000f5443fe450 mode 2
Event: 5.021 Thread 0x000002aba44f3a80 Uncommon trap: trap_request=0xffffffde fr.pc=0x000002abb457a488 relative=0x0000000000001048
Event: 5.021 Thread 0x000002aba44f3a80 Uncommon trap: reason=class_check action=maybe_recompile pc=0x000002abb457a488 method=java.util.concurrent.ConcurrentHashMap.putVal(Ljava/lang/Object;Ljava/lang/Object;Z)Ljava/lang/Object; @ 159 c2
Event: 5.021 Thread 0x000002aba44f3a80 DEOPT PACKING pc=0x000002abb457a488 sp=0x000000f5443fe4c0
Event: 5.021 Thread 0x000002aba44f3a80 DEOPT UNPACKING pc=0x000002abb3ee46a2 sp=0x000000f5443fe450 mode 2
Event: 5.137 Thread 0x000002ac074aebf0 Uncommon trap: trap_request=0xffffff45 fr.pc=0x000002abb45da9a4 relative=0x0000000000000084
Event: 5.137 Thread 0x000002ac074aebf0 Uncommon trap: reason=unstable_if action=reinterpret pc=0x000002abb45da9a4 method=java.nio.Buffer.remaining()I @ 11 c2
Event: 5.138 Thread 0x000002ac074aebf0 DEOPT PACKING pc=0x000002abb45da9a4 sp=0x000000f545ffea30
Event: 5.138 Thread 0x000002ac074aebf0 DEOPT UNPACKING pc=0x000002abb3ee46a2 sp=0x000000f545ffe958 mode 2

Classes loaded (20 events):
Event: 5.284 Loading class java/util/concurrent/CompletableFuture
Event: 5.284 Loading class java/util/concurrent/CompletableFuture done
Event: 5.285 Loading class java/util/concurrent/CompletableFuture$AltResult
Event: 5.285 Loading class java/util/concurrent/CompletableFuture$AltResult done
Event: 5.285 Loading class java/util/concurrent/CompletableFuture$Completion
Event: 5.285 Loading class java/util/concurrent/CompletableFuture$AsynchronousCompletionTask
Event: 5.285 Loading class java/util/concurrent/CompletableFuture$AsynchronousCompletionTask done
Event: 5.285 Loading class java/util/concurrent/CompletableFuture$Completion done
Event: 5.331 Loading class java/util/concurrent/CancellationException
Event: 5.331 Loading class java/util/concurrent/CancellationException done
Event: 5.629 Loading class java/util/ArrayList$ListItr
Event: 5.629 Loading class java/util/ArrayList$ListItr done
Event: 5.664 Loading class sun/reflect/generics/tree/IntSignature
Event: 5.665 Loading class sun/reflect/generics/tree/IntSignature done
Event: 5.675 Loading class java/lang/reflect/AnnotatedParameterizedType
Event: 5.675 Loading class java/lang/reflect/AnnotatedParameterizedType done
Event: 5.679 Loading class java/util/AbstractList$SubList
Event: 5.679 Loading class java/util/AbstractList$SubList done
Event: 5.766 Loading class java/lang/reflect/AnnotatedArrayType
Event: 5.766 Loading class java/lang/reflect/AnnotatedArrayType done

Classes unloaded (0 events):
No events

Classes redefined (0 events):
No events

Internal exceptions (20 events):
Event: 3.219 Thread 0x000002aba44f3a80 Exception <a 'java/lang/NoSuchMethodError'{0x0000000762419020}: 'int java.lang.invoke.DelegatingMethodHandle$Holder.reinvoke_L(java.lang.Object, java.lang.Object, java.lang.Object, java.lang.Object)'> (0x0000000762419020) 
thrown [s\open\src\hotspot\share\interpreter\linkResolver.cpp, line 773]
Event: 3.290 Thread 0x000002aba44f3a80 Exception <a 'java/io/FileNotFoundException'{0x00000007622328c0}> (0x00000007622328c0) 
thrown [s\open\src\hotspot\share\prims\jni.cpp, line 520]
Event: 3.324 Thread 0x000002aba44f3a80 Exception <a 'java/lang/NoSuchMethodError'{0x00000007623d3f10}: 'int java.lang.invoke.DirectMethodHandle$Holder.invokeInterface(java.lang.Object, java.lang.Object, java.lang.Object, java.lang.Object)'> (0x00000007623d3f10) 
thrown [s\open\src\hotspot\share\interpreter\linkResolver.cpp, line 773]
Event: 3.375 Thread 0x000002aba44f3a80 Exception <a 'java/lang/NoSuchMethodError'{0x00000007621bd698}: 'long java.lang.invoke.DirectMethodHandle$Holder.invokeVirtual(java.lang.Object, java.lang.Object)'> (0x00000007621bd698) 
thrown [s\open\src\hotspot\share\interpreter\linkResolver.cpp, line 773]
Event: 3.417 Thread 0x000002aba44f3a80 Exception <a 'java/lang/NoSuchMethodError'{0x0000000761fa1e50}: 'void java.lang.invoke.DirectMethodHandle$Holder.invokeStaticInit(java.lang.Object)'> (0x0000000761fa1e50) 
thrown [s\open\src\hotspot\share\interpreter\linkResolver.cpp, line 773]
Event: 3.427 Thread 0x000002aba44f3a80 Exception <a 'java/lang/IncompatibleClassChangeError'{0x0000000761fb35c0}: Found class java.lang.Object, but interface was expected> (0x0000000761fb35c0) 
thrown [s\open\src\hotspot\share\interpreter\linkResolver.cpp, line 840]
Event: 3.584 Thread 0x000002aba44f3a80 Exception <a 'java/lang/NoClassDefFoundError'{0x00000007667032f8}: oracle/security/pki/OraclePKIProvider> (0x00000007667032f8) 
thrown [s\open\src\hotspot\share\classfile\systemDictionary.cpp, line 301]
Event: 3.634 Thread 0x000002aba44f3a80 Exception <a 'java/lang/NoSuchMethodError'{0x00000007662f9dc8}: 'java.lang.Object java.lang.invoke.DirectMethodHandle$Holder.newInvokeSpecial(java.lang.Object, java.lang.Object, java.lang.Object, java.lang.Object, java.lang.Object, java.lang.Object, java.lang.Object, java.lang.Object, java.lang.Object, java.lang.Object, java.lang.Object)'> (0x00000007662f9dc8) 
thrown [s\open\src\hotspot\share\interpreter\linkResolver.cpp, line 773]
Event: 3.714 Thread 0x000002aba44f3a80 Exception <a 'java/lang/NoSuchMethodError'{0x0000000762e2dc40}: 'void java.lang.invoke.DelegatingMethodHandle$Holder.reinvoke_L(java.lang.Object, java.lang.Object, java.lang.Object, java.lang.Object, int, java.lang.Object, java.lang.Object, java.lang.Object)'> (0x0000000762e2dc40) 
thrown [s\open\src\hotspot\share\interpreter\linkResolver.cpp, line 773]
Event: 4.239 Thread 0x000002aba44f3a80 Exception <a 'java/lang/NoSuchMethodError'{0x00000007663f3768}: 'int java.lang.invoke.DirectMethodHandle$Holder.invokeStatic(java.lang.Object)'> (0x00000007663f3768) 
thrown [s\open\src\hotspot\share\interpreter\linkResolver.cpp, line 773]
Event: 4.337 Thread 0x000002aba44f3a80 Exception <a 'sun/nio/fs/WindowsException'{0x0000000762ef2d78}> (0x0000000762ef2d78) 
thrown [s\open\src\hotspot\share\prims\jni.cpp, line 520]
Event: 4.357 Thread 0x000002aba44f3a80 Exception <a 'java/lang/NoClassDefFoundError'{0x0000000762f4f070}: oracle/dms/console/DMSConsole> (0x0000000762f4f070) 
thrown [s\open\src\hotspot\share\classfile\systemDictionary.cpp, line 301]
Event: 4.464 Thread 0x000002aba44f3a80 Exception <a 'java/lang/NoSuchMethodError'{0x0000000762d9f590}: 'java.lang.Object java.lang.invoke.DirectMethodHandle$Holder.invokeVirtual(java.lang.Object, java.lang.Object, int)'> (0x0000000762d9f590) 
thrown [s\open\src\hotspot\share\interpreter\linkResolver.cpp, line 773]
Event: 4.767 Thread 0x000002aba44f3a80 Exception <a 'java/lang/NoSuchMethodError'{0x000000076206bee8}: 'long java.lang.invoke.Invokers$Holder.invokeExact_MT(java.lang.Object, java.lang.Object)'> (0x000000076206bee8) 
thrown [s\open\src\hotspot\share\interpreter\linkResolver.cpp, line 773]
Event: 4.820 Thread 0x000002aba44f3a80 Exception <a 'java/lang/NoSuchMethodError'{0x0000000761e3c648}: 'java.lang.Object java.lang.invoke.DirectMethodHandle$Holder.invokeStaticInit(java.lang.Object, java.lang.Object, java.lang.Object, java.lang.Object)'> (0x0000000761e3c648) 
thrown [s\open\src\hotspot\share\interpreter\linkResolver.cpp, line 773]
Event: 4.991 Thread 0x000002aba44f3a80 Exception <a 'java/lang/NoSuchMethodError'{0x00000007669895f8}: 'int java.lang.invoke.Invokers$Holder.invokeExact_MT(java.lang.Object, java.lang.Object)'> (0x00000007669895f8) 
thrown [s\open\src\hotspot\share\interpreter\linkResolver.cpp, line 773]
Event: 5.211 Thread 0x000002aba44f3a80 Exception <a 'java/lang/NoSuchMethodError'{0x0000000762ec0860}: 'java.lang.Object java.lang.invoke.Invokers$Holder.linkToTargetMethod(java.lang.Object, int, java.lang.Object, java.lang.Object)'> (0x0000000762ec0860) 
thrown [s\open\src\hotspot\share\interpreter\linkResolver.cpp, line 773]
Event: 5.338 Thread 0x000002aba44f3a80 Exception <a 'java/lang/IncompatibleClassChangeError'{0x000000076260eef8}: Found class java.lang.Object, but interface was expected> (0x000000076260eef8) 
thrown [s\open\src\hotspot\share\interpreter\linkResolver.cpp, line 840]
Event: 5.356 Thread 0x000002aba44f3a80 Exception <a 'java/lang/NoSuchMethodError'{0x00000007626e8ae0}: 'java.lang.Object java.lang.invoke.DirectMethodHandle$Holder.invokeStatic(java.lang.Object, java.lang.Object, int, java.lang.Object)'> (0x00000007626e8ae0) 
thrown [s\open\src\hotspot\share\interpreter\linkResolver.cpp, line 773]
Event: 5.357 Thread 0x000002aba44f3a80 Exception <a 'java/lang/NoSuchMethodError'{0x00000007626ec2d8}: 'java.lang.Object java.lang.invoke.DirectMethodHandle$Holder.invokeStaticInit(java.lang.Object, java.lang.Object, int, java.lang.Object)'> (0x00000007626ec2d8) 
thrown [s\open\src\hotspot\share\interpreter\linkResolver.cpp, line 773]

ZGC Phase Switch (0 events):
No events

VM Operations (20 events):
Event: 3.382 Executing VM operation: ICBufferFull
Event: 3.382 Executing VM operation: ICBufferFull done
Event: 3.384 Executing VM operation: HandshakeAllThreads (Deoptimize)
Event: 3.384 Executing VM operation: HandshakeAllThreads (Deoptimize) done
Event: 3.515 Executing VM operation: G1CollectForAllocation (G1 Evacuation Pause)
Event: 3.523 Executing VM operation: G1CollectForAllocation (G1 Evacuation Pause) done
Event: 3.774 Executing VM operation: HandshakeAllThreads (Deoptimize)
Event: 3.774 Executing VM operation: HandshakeAllThreads (Deoptimize) done
Event: 3.992 Executing VM operation: CollectForMetadataAllocation (Metadata GC Threshold)
Event: 3.998 Executing VM operation: CollectForMetadataAllocation (Metadata GC Threshold) done
Event: 4.034 Executing VM operation: G1PauseRemark
Event: 4.039 Executing VM operation: G1PauseRemark done
Event: 4.051 Executing VM operation: G1PauseCleanup
Event: 4.051 Executing VM operation: G1PauseCleanup done
Event: 4.342 Executing VM operation: HandshakeAllThreads (Deoptimize)
Event: 4.342 Executing VM operation: HandshakeAllThreads (Deoptimize) done
Event: 4.935 Executing VM operation: G1CollectForAllocation (G1 Evacuation Pause)
Event: 4.950 Executing VM operation: G1CollectForAllocation (G1 Evacuation Pause) done
Event: 5.588 Executing VM operation: G1CollectForAllocation (G1 Evacuation Pause)
Event: 5.599 Executing VM operation: G1CollectForAllocation (G1 Evacuation Pause) done

Events (20 events):
Event: 4.038 Thread 0x000002abc0da5ef0 flushing nmethod 0x000002abb4458d90
Event: 4.038 Thread 0x000002abc0da5ef0 flushing nmethod 0x000002abb4448510
Event: 4.038 Thread 0x000002abc0da5ef0 flushing nmethod 0x000002abb4448210
Event: 4.038 Thread 0x000002abc0da5ef0 flushing nmethod 0x000002abb4447e10
Event: 4.038 Thread 0x000002abc0da5ef0 flushing nmethod 0x000002abb4447a90
Event: 4.038 Thread 0x000002abc0da5ef0 flushing nmethod 0x000002abb4447790
Event: 4.038 Thread 0x000002abc0da5ef0 flushing nmethod 0x000002abb4443b10
Event: 4.038 Thread 0x000002abc0da5ef0 flushing nmethod 0x000002abb443a590
Event: 4.038 Thread 0x000002abc0da5ef0 flushing nmethod 0x000002abb4437710
Event: 4.038 Thread 0x000002abc0da5ef0 flushing nmethod 0x000002abb4435090
Event: 4.038 Thread 0x000002abc0da5ef0 flushing nmethod 0x000002abb4434590
Event: 4.038 Thread 0x000002abc0da5ef0 flushing nmethod 0x000002abb4433a10
Event: 4.038 Thread 0x000002abc0da5ef0 flushing nmethod 0x000002abb4421490
Event: 4.360 Thread 0x000002ac06be7310 Thread added: 0x000002ac06be7310
Event: 4.424 Thread 0x000002ac074ad1b0 Thread added: 0x000002ac074ad1b0
Event: 4.629 Thread 0x000002ac074aded0 Thread added: 0x000002ac074aded0
Event: 4.630 Thread 0x000002ac074af280 Thread added: 0x000002ac074af280
Event: 4.631 Thread 0x000002ac074af280 Thread exited: 0x000002ac074af280
Event: 4.631 Thread 0x000002ac074ad840 Thread added: 0x000002ac074ad840
Event: 4.735 Thread 0x000002ac074aebf0 Thread added: 0x000002ac074aebf0


Dynamic libraries:
0x00007ff6787f0000 - 0x00007ff678800000 	C:\Program Files\Java\jdk-21\bin\java.exe
0x00007ffac4c50000 - 0x00007ffac4e48000 	C:\WINDOWS\SYSTEM32\ntdll.dll
0x00007ffac4a60000 - 0x00007ffac4b1d000 	C:\WINDOWS\System32\KERNEL32.DLL
0x00007ffac26f0000 - 0x00007ffac29e6000 	C:\WINDOWS\System32\KERNELBASE.dll
0x00007ffac2330000 - 0x00007ffac2430000 	C:\WINDOWS\System32\ucrtbase.dll
0x00007ffabeff0000 - 0x00007ffabf00b000 	C:\Program Files\Java\jdk-21\bin\VCRUNTIME140.dll
0x00007ffabfa60000 - 0x00007ffabfa79000 	C:\Program Files\Java\jdk-21\bin\jli.dll
0x00007ffac2d20000 - 0x00007ffac2dd0000 	C:\WINDOWS\System32\ADVAPI32.dll
0x00007ffac2c80000 - 0x00007ffac2d1e000 	C:\WINDOWS\System32\msvcrt.dll
0x00007ffac41c0000 - 0x00007ffac4260000 	C:\WINDOWS\System32\sechost.dll
0x00007ffac37a0000 - 0x00007ffac38c3000 	C:\WINDOWS\System32\RPCRT4.dll
0x00007ffac2af0000 - 0x00007ffac2b17000 	C:\WINDOWS\System32\bcrypt.dll
0x00007ffac4260000 - 0x00007ffac43ff000 	C:\WINDOWS\System32\USER32.dll
0x00007ffac2300000 - 0x00007ffac2322000 	C:\WINDOWS\System32\win32u.dll
0x00007ffac2f30000 - 0x00007ffac2f5b000 	C:\WINDOWS\System32\GDI32.dll
0x00007ffac24a0000 - 0x00007ffac25b7000 	C:\WINDOWS\System32\gdi32full.dll
0x00007ffac2650000 - 0x00007ffac26ed000 	C:\WINDOWS\System32\msvcp_win.dll
0x00007ffab95b0000 - 0x00007ffab984a000 	C:\WINDOWS\WinSxS\amd64_microsoft.windows.common-controls_6595b64144ccf1df_6.0.19041.3636_none_60b6a03d71f818d5\COMCTL32.dll
0x00007ffabcc30000 - 0x00007ffabcc3a000 	C:\WINDOWS\SYSTEM32\VERSION.dll
0x00007ffac2ef0000 - 0x00007ffac2f22000 	C:\WINDOWS\System32\IMM32.DLL
0x00007ffabf020000 - 0x00007ffabf02c000 	C:\Program Files\Java\jdk-21\bin\vcruntime140_1.dll
0x00007ffab1f70000 - 0x00007ffab1ffe000 	C:\Program Files\Java\jdk-21\bin\msvcp140.dll
0x00007ffa91bd0000 - 0x00007ffa928e7000 	C:\Program Files\Java\jdk-21\bin\server\jvm.dll
0x00007ffac38d0000 - 0x00007ffac393b000 	C:\WINDOWS\System32\WS2_32.dll
0x00007ffac2160000 - 0x00007ffac21ab000 	C:\WINDOWS\SYSTEM32\POWRPROF.dll
0x00007ffab4ba0000 - 0x00007ffab4bc7000 	C:\WINDOWS\SYSTEM32\WINMM.dll
0x00007ffac2140000 - 0x00007ffac2152000 	C:\WINDOWS\SYSTEM32\UMPDC.dll
0x00007ffac01b0000 - 0x00007ffac01c2000 	C:\WINDOWS\SYSTEM32\kernel.appcore.dll
0x00007ffabefe0000 - 0x00007ffabefea000 	C:\Program Files\Java\jdk-21\bin\jimage.dll
0x00007ffab4bf0000 - 0x00007ffab4dd4000 	C:\WINDOWS\SYSTEM32\DBGHELP.DLL
0x00007ffab49a0000 - 0x00007ffab49d4000 	C:\WINDOWS\SYSTEM32\dbgcore.DLL
0x00007ffac25c0000 - 0x00007ffac2642000 	C:\WINDOWS\System32\bcryptPrimitives.dll
0x00007ffabef10000 - 0x00007ffabef1f000 	C:\Program Files\Java\jdk-21\bin\instrument.dll
0x00007ffabef70000 - 0x00007ffabef8f000 	C:\Program Files\Java\jdk-21\bin\java.dll
0x00007ffac3940000 - 0x00007ffac40ab000 	C:\WINDOWS\System32\SHELL32.dll
0x00007ffac03b0000 - 0x00007ffac0b4e000 	C:\WINDOWS\SYSTEM32\windows.storage.dll
0x00007ffac2f60000 - 0x00007ffac32b3000 	C:\WINDOWS\System32\combase.dll
0x00007ffac1c60000 - 0x00007ffac1c8e000 	C:\WINDOWS\SYSTEM32\Wldp.dll
0x00007ffac4b40000 - 0x00007ffac4c0d000 	C:\WINDOWS\System32\OLEAUT32.dll
0x00007ffac44e0000 - 0x00007ffac458d000 	C:\WINDOWS\System32\SHCORE.dll
0x00007ffac4480000 - 0x00007ffac44d5000 	C:\WINDOWS\System32\shlwapi.dll
0x00007ffac2230000 - 0x00007ffac2253000 	C:\WINDOWS\SYSTEM32\profapi.dll
0x00007ffab1e90000 - 0x00007ffab1f67000 	C:\Program Files\Java\jdk-21\bin\jsvml.dll
0x00007ffab6500000 - 0x00007ffab6518000 	C:\Program Files\Java\jdk-21\bin\zip.dll
0x00007ffabef60000 - 0x00007ffabef70000 	C:\Program Files\Java\jdk-21\bin\net.dll
0x00007ffabbf70000 - 0x00007ffabc07a000 	C:\WINDOWS\SYSTEM32\WINHTTP.dll
0x00007ffac19c0000 - 0x00007ffac1a2a000 	C:\WINDOWS\system32\mswsock.dll
0x00007ffab6590000 - 0x00007ffab65a6000 	C:\Program Files\Java\jdk-21\bin\nio.dll
0x00007ffab4540000 - 0x00007ffab455a000 	C:\Program Files\JetBrains\IntelliJ IDEA Community Edition 2023.3.6\bin\breakgen64.dll
0x00007ffab5a30000 - 0x00007ffab5a39000 	C:\Program Files\Java\jdk-21\bin\extnet.dll
0x00007ffaad340000 - 0x00007ffaad34e000 	C:\Program Files\Java\jdk-21\bin\sunmscapi.dll
0x00007ffac2b20000 - 0x00007ffac2c7e000 	C:\WINDOWS\System32\CRYPT32.dll
0x00007ffac1cd0000 - 0x00007ffac1cf8000 	C:\WINDOWS\SYSTEM32\ncrypt.dll
0x00007ffac1c90000 - 0x00007ffac1ccb000 	C:\WINDOWS\SYSTEM32\NTASN1.dll
0x00007ffac1bc0000 - 0x00007ffac1bd8000 	C:\WINDOWS\SYSTEM32\CRYPTSP.dll
0x00007ffac12e0000 - 0x00007ffac1314000 	C:\WINDOWS\system32\rsaenh.dll
0x00007ffac21f0000 - 0x00007ffac221e000 	C:\WINDOWS\SYSTEM32\USERENV.dll
0x00007ffac1bb0000 - 0x00007ffac1bbc000 	C:\WINDOWS\SYSTEM32\CRYPTBASE.dll
0x00007ffac16a0000 - 0x00007ffac16db000 	C:\WINDOWS\SYSTEM32\IPHLPAPI.DLL
0x00007ffac3790000 - 0x00007ffac3798000 	C:\WINDOWS\System32\NSI.dll
0x00007ffab4530000 - 0x00007ffab453a000 	C:\Program Files\Java\jdk-21\bin\management.dll
0x00007ffab3520000 - 0x00007ffab352b000 	C:\Program Files\Java\jdk-21\bin\management_ext.dll
0x00007ffac4590000 - 0x00007ffac4598000 	C:\WINDOWS\System32\PSAPI.DLL
0x00007ffaad330000 - 0x00007ffaad340000 	C:\Program Files\Java\jdk-21\bin\verify.dll
0x00007ffac16e0000 - 0x00007ffac17ab000 	C:\WINDOWS\SYSTEM32\DNSAPI.dll
0x00007ffab9c90000 - 0x00007ffab9c9a000 	C:\Windows\System32\rasadhlp.dll
0x00007ffab9c10000 - 0x00007ffab9c90000 	C:\WINDOWS\System32\fwpuclnt.dll
0x00007ffab4300000 - 0x00007ffab4317000 	C:\WINDOWS\system32\napinsp.dll
0x00007ffab42e0000 - 0x00007ffab42fb000 	C:\WINDOWS\system32\pnrpnsp.dll
0x00007ffab42c0000 - 0x00007ffab42d5000 	C:\WINDOWS\system32\wshbth.dll
0x00007ffabeea0000 - 0x00007ffabeebd000 	C:\WINDOWS\system32\NLAapi.dll
0x00007ffab4280000 - 0x00007ffab4292000 	C:\WINDOWS\System32\winrnr.dll

dbghelp: loaded successfully - version: 4.0.5 - missing functions: none
symbol engine: initialized successfully - sym options: 0x614 - pdb path: .;C:\Program Files\Java\jdk-21\bin;C:\WINDOWS\SYSTEM32;C:\WINDOWS\WinSxS\amd64_microsoft.windows.common-controls_6595b64144ccf1df_6.0.19041.3636_none_60b6a03d71f818d5;C:\Program Files\Java\jdk-21\bin\server;C:\Program Files\JetBrains\IntelliJ IDEA Community Edition 2023.3.6\bin

VM Arguments:
jvm_args: -javaagent:C:\Program Files\JetBrains\IntelliJ IDEA Community Edition 2023.3.6\lib\idea_rt.jar=55514:C:\Program Files\JetBrains\IntelliJ IDEA Community Edition 2023.3.6\bin -Dfile.encoding=UTF-8 -Dsun.stdout.encoding=UTF-8 -Dsun.stderr.encoding=UTF-8 
java_command: com.project.springbootrest.SpringBootRestApplication
java_class_path (initial): C:\Users\Sreenivas Bandaru\Desktop\JavaSpring\spring-boot-rest\spring-boot-rest\target\classes;C:\Users\Sreenivas Bandaru\.m2\repository\org\springframework\boot\spring-boot-starter-web\3.2.4\spring-boot-starter-web-3.2.4.jar;C:\Users\Sreenivas Bandaru\.m2\repository\org\springframework\boot\spring-boot-starter\3.2.4\spring-boot-starter-3.2.4.jar;C:\Users\Sreenivas Bandaru\.m2\repository\org\springframework\boot\spring-boot\3.2.4\spring-boot-3.2.4.jar;C:\Users\Sreenivas Bandaru\.m2\repository\org\springframework\boot\spring-boot-autoconfigure\3.2.4\spring-boot-autoconfigure-3.2.4.jar;C:\Users\Sreenivas Bandaru\.m2\repository\org\springframework\boot\spring-boot-starter-logging\3.2.4\spring-boot-starter-logging-3.2.4.jar;C:\Users\Sreenivas Bandaru\.m2\repository\ch\qos\logback\logback-classic\1.4.14\logback-classic-1.4.14.jar;C:\Users\Sreenivas Bandaru\.m2\repository\ch\qos\logback\logback-core\1.4.14\logback-core-1.4.14.jar;C:\Users\Sreenivas Bandaru\.m2\repository\org\apache\logging\log4j\log4j-to-slf4j\2.21.1\log4j-to-slf4j-2.21.1.jar;C:\Users\Sreenivas Bandaru\.m2\repository\org\apache\logging\log4j\log4j-api\2.21.1\log4j-api-2.21.1.jar;C:\Users\Sreenivas Bandaru\.m2\repository\org\slf4j\jul-to-slf4j\2.0.12\jul-to-slf4j-2.0.12.jar;C:\Users\Sreenivas Bandaru\.m2\repository\jakarta\annotation\jakarta.annotation-api\2.1.1\jakarta.annotation-api-2.1.1.jar;C:\Users\Sreenivas Bandaru\.m2\repository\org\yaml\snakeyaml\2.2\snakeyaml-2.2.jar;C:\Users\Sreenivas Bandaru\.m2\repository\org\springframework\boot\spring-boot-starter-json\3.2.4\spring-boot-starter-json-3.2.4.jar;C:\Users\Sreenivas Bandaru\.m2\repository\com\fasterxml\jackson\datatype\jackson-datatype-jdk8\2.15.4\jackson-datatype-jdk8-2.15.4.jar;C:\Users\Sreenivas Bandaru\.m2\repository\com\fasterxml\jackson\datatype\jackson-datatype-jsr310\2.15.4\jackson-datatype-jsr310-2.15.4.jar;C:\Users\Sreenivas Bandaru\.m2\repository\com\fasterxml\jackson\module\jackson-module-parameter-names\2.15.4\jackson-module-parameter-names-2.15.4.jar;C:\Users\Sreenivas Bandaru\.m2\repository\org\springframework\boot\spring-boot-starter-tomcat\3.2.4\spring-boot-starter-tomcat-3.2.4.jar;C:\Users\Sreenivas Bandaru\.m2\repository\org\apache\tomcat\embed\tomcat-embed-core\10.1.19\tomcat-embed-core-10.1.19.jar;C:\Users\Sreenivas Bandaru\.m2\repository\org\apache\tomcat\embed\tomcat-embed-el\10.1.19\tomcat-embed-el-10.1.19.jar;C:\Users\Sreenivas Bandaru\.m2\repository\org\apache\tomcat\embed\tomcat-embed-websocket\10.1.19\tomcat-embed-websocket-10.1.19.jar;C:\Users\Sreenivas Bandaru\.m2\repository\org\springframework\spring-web\6.1.5\spring-web-6.1.5.jar;C:\Users\Sreenivas Bandaru\.m2\repository\org\springframework\spring-beans\6.1.5\spring-beans-6.1.5.jar;C:\Users\Sreenivas Bandaru\.m2\repository\io\micrometer\micrometer-observation\1.12.4\micrometer-observation-1.12.4.jar;C:\Users\Sreenivas Bandaru\.m2\repository\io\micrometer\micrometer-commons\1.12.4\micrometer-commons-1.12.4.jar;C:\Users\Sreenivas Bandaru\.m2\repository\org\springframework\spring-webmvc\6.1.5\spring-webmvc-6.1.5.jar;C:\Users\Sreenivas Bandaru\.m2\repository\org\springframework\spring-aop\6.1.5\spring-aop-6.1.5.jar;C:\Users\Sreenivas Bandaru\.m2\repository\org\springframework\spring-context\6.1.5\spring-context-6.1.5.jar;C:\Users\Sreenivas Bandaru\.m2\repository\org\springframework\spring-expression\6.1.5\spring-expression-6.1.5.jar;C:\Users\Sreenivas Bandaru\.m2\repository\org\projectlombok\lombok\1.18.30\lombok-1.18.30.jar;C:\Users\Sreenivas Bandaru\.m2\repository\org\springframework\boot\spring-boot-starter-data-jpa\3.2.4\spring-boot-starter-data-jpa-3.2.4.jar;C:\Users\Sreenivas Bandaru\.m2\repository\org\springframework\boot\spring-boot-starter-aop\3.2.4\spring-boot-starter-aop-3.2.4.jar;C:\Users\Sreenivas Bandaru\.m2\repository\org\aspectj\aspectjweaver\1.9.21\aspectjweaver-1.9.21.jar;C:\Users\Sreenivas Bandaru\.m2\repository\org\springframework\boot\spring-boot-starter-jdbc\3.2.4\spring-boot-starter-jdbc-3.2.4.jar;C:\Users\Sreenivas Bandaru\.m2\repository\com\zaxxer\HikariCP\5.0.1\HikariCP-5.0.1.jar;C:\Users\Sreenivas Bandaru\.m2\repository\org\springframework\spring-jdbc\6.1.5\spring-jdbc-6.1.5.jar;C:\Users\Sreenivas Bandaru\.m2\repository\org\hibernate\orm\hibernate-core\6.4.4.Final\hibernate-core-6.4.4.Final.jar;C:\Users\Sreenivas Bandaru\.m2\repository\jakarta\persistence\jakarta.persistence-api\3.1.0\jakarta.persistence-api-3.1.0.jar;C:\Users\Sreenivas Bandaru\.m2\repository\jakarta\transaction\jakarta.transaction-api\2.0.1\jakarta.transaction-api-2.0.1.jar;C:\Users\Sreenivas Bandaru\.m2\repository\org\jboss\logging\jboss-logging\3.5.3.Final\jboss-logging-3.5.3.Final.jar;C:\Users\Sreenivas Bandaru\.m2\repository\org\hibernate\common\hibernate-commons-annotations\6.0.6.Final\hibernate-commons-annotations-6.0.6.Final.jar;C:\Users\Sreenivas Bandaru\.m2\repository\io\smallrye\jandex\3.1.2\jandex-3.1.2.jar;C:\Users\Sreenivas Bandaru\.m2\repository\com\fasterxml\classmate\1.6.0\classmate-1.6.0.jar;C:\Users\Sreenivas Bandaru\.m2\repository\net\bytebuddy\byte-buddy\1.14.12\byte-buddy-1.14.12.jar;C:\Users\Sreenivas Bandaru\.m2\repository\org\glassfish\jaxb\jaxb-runtime\4.0.5\jaxb-runtime-4.0.5.jar;C:\Users\Sreenivas Bandaru\.m2\repository\org\glassfish\jaxb\jaxb-core\4.0.5\jaxb-core-4.0.5.jar;C:\Users\Sreenivas Bandaru\.m2\repository\org\eclipse\angus\angus-activation\2.0.2\angus-activation-2.0.2.jar;C:\Users\Sreenivas Bandaru\.m2\repository\org\glassfish\jaxb\txw2\4.0.5\txw2-4.0.5.jar;C:\Users\Sreenivas Bandaru\.m2\repository\com\sun\istack\istack-commons-runtime\4.1.2\istack-commons-runtime-4.1.2.jar;C:\Users\Sreenivas Bandaru\.m2\repository\jakarta\inject\jakarta.inject-api\2.0.1\jakarta.inject-api-2.0.1.jar;C:\Users\Sreenivas Bandaru\.m2\repository\org\antlr\antlr4-runtime\4.13.0\antlr4-runtime-4.13.0.jar;C:\Users\Sreenivas Bandaru\.m2\repository\org\springframework\data\spring-data-jpa\3.2.4\spring-data-jpa-3.2.4.jar;C:\Users\Sreenivas Bandaru\.m2\repository\org\springframework\data\spring-data-commons\3.2.4\spring-data-commons-3.2.4.jar;C:\Users\Sreenivas Bandaru\.m2\repository\org\springframework\spring-orm\6.1.5\spring-orm-6.1.5.jar;C:\Users\Sreenivas Bandaru\.m2\repository\org\springframework\spring-tx\6.1.5\spring-tx-6.1.5.jar;C:\Users\Sreenivas Bandaru\.m2\repository\org\slf4j\slf4j-api\2.0.12\slf4j-api-2.0.12.jar;C:\Users\Sreenivas Bandaru\.m2\repository\org\springframework\spring-aspects\6.1.5\spring-aspects-6.1.5.jar;C:\Users\Sreenivas Bandaru\.m2\repository\com\oracle\database\jdbc\ojdbc11\21.9.0.0\ojdbc11-21.9.0.0.jar;C:\Users\Sreenivas Bandaru\.m2\repository\com\fasterxml\jackson\dataformat\jackson-dataformat-xml\2.15.4\jackson-dataformat-xml-2.15.4.jar;C:\Users\Sreenivas Bandaru\.m2\repository\com\fasterxml\jackson\core\jackson-core\2.15.4\jackson-core-2.15.4.jar;C:\Users\Sreenivas Bandaru\.m2\repository\com\fasterxml\jackson\core\jackson-annotations\2.15.4\jackson-annotations-2.15.4.jar;C:\Users\Sreenivas Bandaru\.m2\repository\com\fasterxml\jackson\core\jackson-databind\2.15.4\jackson-databind-2.15.4.jar;C:\Users\Sreenivas Bandaru\.m2\repository\org\codehaus\woodstox\stax2-api\4.2.1\stax2-api-4.2.1.jar;C:\Users\Sreenivas Bandaru\.m2\repository\com\fasterxml\woodstox\woodstox-core\6.5.1\woodstox-core-6.5.1.jar;C:\Users\Sreenivas Bandaru\.m2\repository\jakarta\xml\bind\jakarta.xml.bind-api\4.0.2\jakarta.xml.bind-api-4.0.2.jar;C:\Users\Sreenivas Bandaru\.m2\repository\jakarta\activation\jakarta.activation-api\2.1.3\jakarta.activation-api-2.1.3.jar;C:\Users\Sreenivas Bandaru\.m2\repository\org\springframework\spring-core\6.1.5\spring-core-6.1.5.jar;C:\Users\Sreenivas Bandaru\.m2\repository\org\springframework\spring-jcl\6.1.5\spring-jcl-6.1.5.jar
Launcher Type: SUN_STANDARD

[Global flags]
     intx CICompilerCount                          = 2                                         {product} {ergonomic}
     uint ConcGCThreads                            = 1                                         {product} {ergonomic}
     uint G1ConcRefinementThreads                  = 3                                         {product} {ergonomic}
   size_t G1HeapRegionSize                         = 2097152                                   {product} {ergonomic}
    uintx GCDrainStackTargetSize                   = 64                                        {product} {ergonomic}
   size_t InitialHeapSize                          = 167772160                                 {product} {ergonomic}
   size_t MarkStackSize                            = 4194304                                   {product} {ergonomic}
   size_t MaxHeapSize                              = 2684354560                                {product} {ergonomic}
   size_t MaxNewSize                               = 1610612736                                {product} {ergonomic}
   size_t MinHeapDeltaBytes                        = 2097152                                   {product} {ergonomic}
   size_t MinHeapSize                              = 8388608                                   {product} {ergonomic}
    uintx NonNMethodCodeHeapSize                   = 5826188                                {pd product} {ergonomic}
    uintx NonProfiledCodeHeapSize                  = 122916026                              {pd product} {ergonomic}
    uintx ProfiledCodeHeapSize                     = 122916026                              {pd product} {ergonomic}
    uintx ReservedCodeCacheSize                    = 251658240                              {pd product} {ergonomic}
     bool SegmentedCodeCache                       = true                                      {product} {ergonomic}
   size_t SoftMaxHeapSize                          = 2684354560                             {manageable} {ergonomic}
     bool UseCompressedOops                        = true                           {product lp64_product} {ergonomic}
     bool UseG1GC                                  = true                                      {product} {ergonomic}
     bool UseLargePagesIndividualAllocation        = false                                  {pd product} {ergonomic}

Logging:
Log output configuration:
 #0: stdout all=warning uptime,level,tags foldmultilines=false
 #1: stderr all=off uptime,level,tags foldmultilines=false

Environment Variables:
JAVA_HOME=C:\Program Files\Java\jdk-11\bin
CLASSPATH=C:\Program Files\IBM\MQ\java\lib\com.ibm.mqjms.jar;C:\Program Files\IBM\MQ\java\lib\com.ibm.mq.jar
PATH=C:\oraclexe\app\oracle\product\11.2.0\server\bin;;C:\Program Files\Common Files\Oracle\Java\javapath;C:\Program Files\IBM\MQ\java\lib;C:\Program Files\IBM\MQ\java\lib64;C:\oraclexe\app\oracle\product\11.2.0\server\bin;C:\ProgramData\Oracle\Java\javapath;C:\WINDOWS\system32;C:\WINDOWS;C:\WINDOWS\System32\Wbem;C:\WINDOWS\System32\WindowsPowerShell\v1.0\;C:\WINDOWS\System32\OpenSSH\;C:\Program Files\IBM\MQ\bin64;C:\Program Files\IBM\MQ\bin;C:\Program Files\IBM\MQ\tools\c\samples\bin;C:\Program Files\Java\jdk-11\bin;C:\Program Files\nodejs\;C:\Program Files\Git\cmd;C:\Program Files\MySQL\MySQL Shell 8.0\bin\;C:\Users\Sreenivas Bandaru\AppData\Local\Microsoft\WindowsApps;;C:\Users\Sreenivas Bandaru\AppData\Local\Programs\Microsoft VS Code\bin;C:\Users\Sreenivas Bandaru\AppData\Roaming\npm;C:\Program Files\JetBrains\IntelliJ IDEA Community Edition 2023.3.6\bin;
USERNAME=Sreenivas Bandaru
OS=Windows_NT
PROCESSOR_IDENTIFIER=Intel64 Family 6 Model 158 Stepping 10, GenuineIntel
TMP=C:\Users\SREENI~1\AppData\Local\Temp
TEMP=C:\Users\SREENI~1\AppData\Local\Temp




Periodic native trim disabled

---------------  S Y S T E M  ---------------

OS:
 Windows 10 , 64 bit Build 19041 (10.0.19041.3636)
OS uptime: 2 days 7:07 hours

CPU: total 3 (initial active 3) (3 cores per cpu, 1 threads per core) family 6 model 158 stepping 10 microcode 0x0, cx8, cmov, fxsr, mmx, 3dnowpref, sse, sse2, sse3, ssse3, sse4.1, sse4.2, popcnt, lzcnt, tsc, tscinvbit, avx, avx2, aes, clmul, vzeroupper, clflush, clflushopt, hv, rdtscp
Processor Information for all 3 processors :
  Max Mhz: 2904, Current Mhz: 2904, Mhz Limit: 2904

Memory: 4k page, system-wide physical 10239M (1453M free)
TotalPageFile size 22280M (AvailPageFile size 4980M)
current process WorkingSet (physical memory assigned to process): 228M, peak: 228M
current process commit charge ("private bytes"): 254M, peak: 283M

vm_info: Java HotSpot(TM) 64-Bit Server VM (21.0.2+13-LTS-58) for windows-amd64 JRE (21.0.2+13-LTS-58), built on 2024-01-05T18:32:24Z by "mach5one" with MS VC++ 17.1 (VS2022)

END.
